2025-08-05T09:49:46.718+05:30  INFO 21148 --- [deutsche-springboot-demo] [restartedMain] [                                                 ] com.deutsche.demo.App                    : Starting App using Java 22.0.2 with PID 21148 (D:\Training\Maven\deutsche-springboot-demo\target\classes started by Akshay in D:\Training\Maven\deutsche-springboot-demo)
2025-08-05T09:49:46.731+05:30  INFO 21148 --- [deutsche-springboot-demo] [restartedMain] [                                                 ] com.deutsche.demo.App                    : No active profile set, falling back to 1 default profile: "default"
2025-08-05T09:49:46.885+05:30  INFO 21148 --- [deutsche-springboot-demo] [restartedMain] [                                                 ] .e.DevToolsPropertyDefaultsPostProcessor : Devtools property defaults active! Set 'spring.devtools.add-properties' to 'false' to disable
2025-08-05T09:49:46.888+05:30  INFO 21148 --- [deutsche-springboot-demo] [restartedMain] [                                                 ] .e.DevToolsPropertyDefaultsPostProcessor : For additional web related logging consider setting the 'logging.level.web' property to 'DEBUG'
2025-08-05T09:49:50.973+05:30  INFO 21148 --- [deutsche-springboot-demo] [restartedMain] [                                                 ] .s.d.r.c.RepositoryConfigurationDelegate : Bootstrapping Spring Data JPA repositories in DEFAULT mode.
2025-08-05T09:49:51.363+05:30  INFO 21148 --- [deutsche-springboot-demo] [restartedMain] [                                                 ] .s.d.r.c.RepositoryConfigurationDelegate : Finished Spring Data repository scanning in 347 ms. Found 1 JPA repository interface.
2025-08-05T09:49:54.731+05:30  INFO 21148 --- [deutsche-springboot-demo] [restartedMain] [                                                 ] o.s.b.w.embedded.tomcat.TomcatWebServer  : Tomcat initialized with port 8090 (http)
2025-08-05T09:49:54.877+05:30  INFO 21148 --- [deutsche-springboot-demo] [restartedMain] [                                                 ] o.apache.catalina.core.StandardService   : Starting service [Tomcat]
2025-08-05T09:49:54.888+05:30  INFO 21148 --- [deutsche-springboot-demo] [restartedMain] [                                                 ] o.apache.catalina.core.StandardEngine    : Starting Servlet engine: [Apache Tomcat/10.1.43]
2025-08-05T09:49:55.508+05:30  INFO 21148 --- [deutsche-springboot-demo] [restartedMain] [                                                 ] o.a.c.c.C.[.[localhost].[/api/v1]        : Initializing Spring embedded WebApplicationContext
2025-08-05T09:49:55.527+05:30  INFO 21148 --- [deutsche-springboot-demo] [restartedMain] [                                                 ] w.s.c.ServletWebServerApplicationContext : Root WebApplicationContext: initialization completed in 8636 ms
2025-08-05T09:49:58.470+05:30  INFO 21148 --- [deutsche-springboot-demo] [restartedMain] [                                                 ] com.zaxxer.hikari.HikariDataSource       : HikariPool-1 - Starting...
2025-08-05T09:49:59.172+05:30  INFO 21148 --- [deutsche-springboot-demo] [restartedMain] [                                                 ] com.zaxxer.hikari.pool.HikariPool        : HikariPool-1 - Added connection org.postgresql.jdbc.PgConnection@745a38f4
2025-08-05T09:49:59.196+05:30  INFO 21148 --- [deutsche-springboot-demo] [restartedMain] [                                                 ] com.zaxxer.hikari.HikariDataSource       : HikariPool-1 - Start completed.
2025-08-05T09:49:59.426+05:30  INFO 21148 --- [deutsche-springboot-demo] [restartedMain] [                                                 ] o.hibernate.jpa.internal.util.LogHelper  : HHH000204: Processing PersistenceUnitInfo [name: default]
2025-08-05T09:50:00.105+05:30  INFO 21148 --- [deutsche-springboot-demo] [restartedMain] [                                                 ] org.hibernate.Version                    : HHH000412: Hibernate ORM core version 6.6.22.Final
2025-08-05T09:50:00.870+05:30  INFO 21148 --- [deutsche-springboot-demo] [restartedMain] [                                                 ] o.h.c.internal.RegionFactoryInitiator    : HHH000026: Second-level cache disabled
2025-08-05T09:50:04.677+05:30  INFO 21148 --- [deutsche-springboot-demo] [restartedMain] [                                                 ] o.s.o.j.p.SpringPersistenceUnitInfo      : No LoadTimeWeaver setup: ignoring JPA class transformer
2025-08-05T09:50:05.057+05:30  INFO 21148 --- [deutsche-springboot-demo] [restartedMain] [                                                 ] org.hibernate.orm.connections.pooling    : HHH10001005: Database info:
	Database JDBC URL [Connecting through datasource 'HikariDataSource (HikariPool-1)']
	Database driver: undefined/unknown
	Database version: 17.5
	Autocommit mode: undefined/unknown
	Isolation level: undefined/unknown
	Minimum pool size: undefined/unknown
	Maximum pool size: undefined/unknown
2025-08-05T09:50:11.448+05:30  INFO 21148 --- [deutsche-springboot-demo] [restartedMain] [                                                 ] o.h.e.t.j.p.i.JtaPlatformInitiator       : HHH000489: No JTA platform available (set 'hibernate.transaction.jta.platform' to enable JTA platform integration)
2025-08-05T09:50:11.458+05:30  INFO 21148 --- [deutsche-springboot-demo] [restartedMain] [                                                 ] j.LocalContainerEntityManagerFactoryBean : Initialized JPA EntityManagerFactory for persistence unit 'default'
2025-08-05T09:50:13.461+05:30  INFO 21148 --- [deutsche-springboot-demo] [restartedMain] [                                                 ] o.s.d.j.r.query.QueryEnhancerFactory     : Hibernate is in classpath; If applicable, HQL parser will be used.
2025-08-05T09:50:16.311+05:30  WARN 21148 --- [deutsche-springboot-demo] [restartedMain] [                                                 ] JpaBaseConfiguration$JpaWebConfiguration : spring.jpa.open-in-view is enabled by default. Therefore, database queries may be performed during view rendering. Explicitly configure spring.jpa.open-in-view to disable this warning
2025-08-05T09:50:16.844+05:30  INFO 21148 --- [deutsche-springboot-demo] [restartedMain] [                                                 ] r$InitializeUserDetailsManagerConfigurer : Global AuthenticationManager configured with UserDetailsService bean with name userDetailsService
2025-08-05T09:50:26.026+05:30  INFO 21148 --- [deutsche-springboot-demo] [restartedMain] [                                                 ] o.s.b.a.e.web.EndpointLinksResolver      : Exposing 14 endpoints beneath base path '/actuator'
2025-08-05T09:50:27.185+05:30  INFO 21148 --- [deutsche-springboot-demo] [restartedMain] [                                                 ] o.s.b.d.a.OptionalLiveReloadServer       : LiveReload server is running on port 35729
2025-08-05T09:50:28.884+05:30  INFO 21148 --- [deutsche-springboot-demo] [restartedMain] [                                                 ] o.s.b.w.embedded.tomcat.TomcatWebServer  : Tomcat started on port 8090 (http) with context path '/api/v1'
2025-08-05T09:50:28.994+05:30  INFO 21148 --- [deutsche-springboot-demo] [restartedMain] [                                                 ] com.deutsche.demo.App                    : Started App in 43.379 seconds (process running for 46.24)
2025-08-05T09:51:30.415+05:30  INFO 21148 --- [deutsche-springboot-demo] [http-nio-8090-exec-1] [                                                 ] o.a.c.c.C.[.[localhost].[/api/v1]        : Initializing Spring DispatcherServlet 'dispatcherServlet'
2025-08-05T09:51:30.416+05:30  INFO 21148 --- [deutsche-springboot-demo] [http-nio-8090-exec-1] [                                                 ] o.s.web.servlet.DispatcherServlet        : Initializing Servlet 'dispatcherServlet'
2025-08-05T09:51:30.429+05:30  INFO 21148 --- [deutsche-springboot-demo] [http-nio-8090-exec-1] [                                                 ] o.s.web.servlet.DispatcherServlet        : Completed initialization in 11 ms
2025-08-05T09:51:30.729+05:30  INFO 21148 --- [deutsche-springboot-demo] [http-nio-8090-exec-2] [689186ca81f4405e8facf7eedc5eb984-0fd9c69ac04a2e1e] c.d.demo.controller.EmployeeController   : Fetching all employees...
2025-08-05T09:51:31.641+05:30  WARN 21148 --- [deutsche-springboot-demo] [AsyncReporter{ZipkinHttpClientSender{http://localhost:9411/api/v2/spans}}] [                                                 ] z.r.i.AsyncReporter$BoundedAsyncReporter : Spans were dropped due to exceptions. All subsequent errors will be logged at FINE level.
2025-08-05T09:51:31.641+05:30  WARN 21148 --- [deutsche-springboot-demo] [AsyncReporter{ZipkinHttpClientSender{http://localhost:9411/api/v2/spans}}] [                                                 ] z.r.i.AsyncReporter$BoundedAsyncReporter : Dropped 9 spans due to ConnectException()

java.net.ConnectException: null
	at java.net.http/jdk.internal.net.http.HttpClientImpl.send(HttpClientImpl.java:956) ~[java.net.http:na]
	at java.net.http/jdk.internal.net.http.HttpClientFacade.send(HttpClientFacade.java:133) ~[java.net.http:na]
	at org.springframework.boot.actuate.autoconfigure.tracing.zipkin.ZipkinHttpClientSender.postSpans(ZipkinHttpClientSender.java:60) ~[spring-boot-actuator-autoconfigure-3.5.4.jar:3.5.4]
	at org.springframework.boot.actuate.autoconfigure.tracing.zipkin.HttpSender.postSpans(HttpSender.java:69) ~[spring-boot-actuator-autoconfigure-3.5.4.jar:3.5.4]
	at org.springframework.boot.actuate.autoconfigure.tracing.zipkin.HttpSender.postSpans(HttpSender.java:41) ~[spring-boot-actuator-autoconfigure-3.5.4.jar:3.5.4]
	at zipkin2.reporter.BaseHttpSender.send(BaseHttpSender.java:123) ~[zipkin-reporter-3.5.1.jar:na]
	at zipkin2.reporter.internal.AsyncReporter$BoundedAsyncReporter.flush(AsyncReporter.java:266) ~[zipkin-reporter-3.5.1.jar:na]
	at zipkin2.reporter.internal.AsyncReporter$Flusher.run(AsyncReporter.java:352) ~[zipkin-reporter-3.5.1.jar:na]
	at java.base/java.lang.Thread.run(Thread.java:1570) ~[na:na]
Caused by: java.net.ConnectException: null
	at java.net.http/jdk.internal.net.http.common.Utils.toConnectException(Utils.java:1065) ~[java.net.http:na]
	at java.net.http/jdk.internal.net.http.PlainHttpConnection.connectAsync(PlainHttpConnection.java:227) ~[java.net.http:na]
	at java.net.http/jdk.internal.net.http.PlainHttpConnection.checkRetryConnect(PlainHttpConnection.java:280) ~[java.net.http:na]
	at java.net.http/jdk.internal.net.http.PlainHttpConnection.lambda$connectAsync$2(PlainHttpConnection.java:238) ~[java.net.http:na]
	at java.base/java.util.concurrent.CompletableFuture.uniHandle(CompletableFuture.java:934) ~[na:na]
	at java.base/java.util.concurrent.CompletableFuture$UniHandle.tryFire(CompletableFuture.java:911) ~[na:na]
	at java.base/java.util.concurrent.CompletableFuture.postComplete(CompletableFuture.java:510) ~[na:na]
	at java.base/java.util.concurrent.CompletableFuture$AsyncSupply.run(CompletableFuture.java:1773) ~[na:na]
	at java.base/java.util.concurrent.ThreadPoolExecutor.runWorker(ThreadPoolExecutor.java:1144) ~[na:na]
	at java.base/java.util.concurrent.ThreadPoolExecutor$Worker.run(ThreadPoolExecutor.java:642) ~[na:na]
	... 1 common frames omitted
Caused by: java.nio.channels.ClosedChannelException: null
	at java.base/sun.nio.ch.SocketChannelImpl.ensureOpen(SocketChannelImpl.java:204) ~[na:na]
	at java.base/sun.nio.ch.SocketChannelImpl.beginConnect(SocketChannelImpl.java:873) ~[na:na]
	at java.base/sun.nio.ch.SocketChannelImpl.connect(SocketChannelImpl.java:961) ~[na:na]
	at java.net.http/jdk.internal.net.http.PlainHttpConnection.lambda$connectAsync$1(PlainHttpConnection.java:210) ~[java.net.http:na]
	at java.base/java.security.AccessController.doPrivileged(AccessController.java:571) ~[na:na]
	at java.net.http/jdk.internal.net.http.PlainHttpConnection.connectAsync(PlainHttpConnection.java:212) ~[java.net.http:na]
	... 9 common frames omitted

2025-08-05T09:51:32.888+05:30  INFO 21148 --- [deutsche-springboot-demo] [http-nio-8090-exec-7] [689186cc50b663377211d76092dd1f3d-2e2a69dc983e3fd7] c.d.demo.controller.EmployeeController   : Fetching all employees...
2025-08-05T10:11:39.275+05:30  INFO 21148 --- [deutsche-springboot-demo] [http-nio-8090-exec-6] [68918b83ceb9253175b21f4b30fd7aa0-9849eed4801edd1a] c.d.demo.controller.EmployeeController   : Fetching all employees...
2025-08-05T10:11:48.051+05:30  INFO 21148 --- [deutsche-springboot-demo] [http-nio-8090-exec-4] [68918b8b71c07b2e9180cd17ef5c4227-6501f394534a0ca8] c.d.demo.controller.EmployeeController   : Fetching employee by ID: 14
2025-08-05T10:11:49.577+05:30  INFO 21148 --- [deutsche-springboot-demo] [http-nio-8090-exec-10] [68918b8d882dc6bf87d7d77df9584abf-a6c7add2b565ebe5] c.d.demo.controller.EmployeeController   : Fetching all employees...
2025-08-05T10:12:21.313+05:30  INFO 21148 --- [deutsche-springboot-demo] [http-nio-8090-exec-2] [68918bada9bfdde68c3de99ad5e5d51e-68b15c20db2a51a5] c.d.demo.controller.EmployeeController   : Fetching employee by ID: 13
2025-08-05T10:15:18.386+05:30  INFO 21148 --- [deutsche-springboot-demo] [http-nio-8090-exec-5] [68918c5e2a27a37e41499db2c5dfc744-6bed786668545fe8] c.d.demo.controller.EmployeeController   : Fetching all employees...
2025-08-05T10:15:19.623+05:30  INFO 21148 --- [deutsche-springboot-demo] [http-nio-8090-exec-3] [68918c5f0b12230d1dc49989eaef594b-409181a99caa4de0] c.d.demo.controller.EmployeeController   : Fetching employee by ID: 13
2025-08-05T10:15:26.688+05:30  INFO 21148 --- [deutsche-springboot-demo] [http-nio-8090-exec-9] [68918c66e6903acdd3bb43c3a5664298-73e4d930d1f23247] c.d.demo.controller.EmployeeController   : Deleting employee with ID: 13
2025-08-05T10:15:26.980+05:30  INFO 21148 --- [deutsche-springboot-demo] [http-nio-8090-exec-9] [68918c66e6903acdd3bb43c3a5664298-73e4d930d1f23247] c.deutsche.demo.service.EmployeeService  : Employee with ID 13 deleted successfully.
2025-08-05T10:15:29.230+05:30  INFO 21148 --- [deutsche-springboot-demo] [http-nio-8090-exec-1] [68918c6924f6dc8e789e7d4e3c9d9507-30f92281a5a4454f] c.d.demo.controller.EmployeeController   : Fetching all employees...
2025-08-05T10:15:34.368+05:30  INFO 21148 --- [deutsche-springboot-demo] [http-nio-8090-exec-7] [68918c6eeabee128f7e1dedd9370effa-b975bbdd39d2d091] c.d.demo.controller.EmployeeController   : Fetching employee by ID: 12
2025-08-05T10:24:27.374+05:30  INFO 21148 --- [deutsche-springboot-demo] [http-nio-8090-exec-6] [68918e832a2ca9bebe05a067540de954-cc070425d1784304] c.d.demo.controller.EmployeeController   : Fetching all employees...
2025-08-05T10:24:28.538+05:30  INFO 21148 --- [deutsche-springboot-demo] [http-nio-8090-exec-4] [68918e84f62b9ea3b010c1047006b485-cdd6139ed7f802d6] c.d.demo.controller.EmployeeController   : Fetching employee by ID: 11
2025-08-05T10:25:23.530+05:30  INFO 21148 --- [deutsche-springboot-demo] [http-nio-8090-exec-10] [68918ebbd3d50d2a30c342495493436a-7096abafb37b01e9] c.d.demo.controller.EmployeeController   : Fetching employee by ID: 11
2025-08-05T10:25:32.660+05:30  WARN 21148 --- [deutsche-springboot-demo] [http-nio-8090-exec-2] [68918ec42a238ba6ba2192f1480574f6-7e3aeb6a861fc351] .w.s.m.s.DefaultHandlerExceptionResolver : Resolved [org.springframework.http.converter.HttpMessageNotReadableException: Required request body is missing: public org.springframework.http.ResponseEntity<com.deutsche.demo.model.Employee> com.deutsche.demo.controller.EmployeeController.updateEmployee(com.deutsche.demo.model.Employee)]
2025-08-05T10:26:44.568+05:30  INFO 21148 --- [deutsche-springboot-demo] [http-nio-8090-exec-8] [68918f0c272b8fd021c9b3031d2a0244-450bb3ab20739207] c.d.demo.controller.EmployeeController   : Fetching employee by ID: 11
2025-08-05T10:27:25.241+05:30  INFO 21148 --- [deutsche-springboot-demo] [http-nio-8090-exec-6] [68918f351b95873f455a0e370ee7d224-c7b5a1b999a310cd] c.d.demo.controller.EmployeeController   : Fetching employee by ID: 11
2025-08-05T10:28:15.484+05:30  INFO 21148 --- [deutsche-springboot-demo] [http-nio-8090-exec-4] [68918f674b3a29b19dc22c053f12cac3-f808fa3422198474] c.d.demo.controller.EmployeeController   : Fetching employee by ID: 11
2025-08-05T10:28:27.424+05:30  WARN 21148 --- [deutsche-springboot-demo] [http-nio-8090-exec-10] [68918f73a6e1e96f237c7d327c809181-11c89aa977c9704c] .w.s.m.s.DefaultHandlerExceptionResolver : Resolved [org.springframework.http.converter.HttpMessageNotReadableException: Required request body is missing: public org.springframework.http.ResponseEntity<com.deutsche.demo.model.Employee> com.deutsche.demo.controller.EmployeeController.updateEmployee(com.deutsche.demo.model.Employee)]
2025-08-05T10:28:35.969+05:30  WARN 21148 --- [deutsche-springboot-demo] [http-nio-8090-exec-2] [68918f7b47ee2fbf2ed5958397d5d991-622a4e5361a48e94] .w.s.m.s.DefaultHandlerExceptionResolver : Resolved [org.springframework.http.converter.HttpMessageNotReadableException: Required request body is missing: public org.springframework.http.ResponseEntity<com.deutsche.demo.model.Employee> com.deutsche.demo.controller.EmployeeController.updateEmployee(com.deutsche.demo.model.Employee)]
2025-08-05T10:28:44.362+05:30  WARN 21148 --- [deutsche-springboot-demo] [http-nio-8090-exec-8] [68918f843e2ca0703fe1c2c95531d719-0ae63b55d39abcc0] .w.s.m.s.DefaultHandlerExceptionResolver : Resolved [org.springframework.http.converter.HttpMessageNotReadableException: Required request body is missing: public org.springframework.http.ResponseEntity<com.deutsche.demo.model.Employee> com.deutsche.demo.controller.EmployeeController.updateEmployee(com.deutsche.demo.model.Employee)]
2025-08-05T10:33:27.820+05:30  INFO 21148 --- [deutsche-springboot-demo] [http-nio-8090-exec-6] [6891909f9cf3e8f4070bbbb1d2195868-27c98bb6232bce38] c.d.demo.controller.EmployeeController   : Fetching employee by ID: 11
2025-08-05T10:34:37.796+05:30  INFO 21148 --- [deutsche-springboot-demo] [http-nio-8090-exec-9] [689190e5b543508f220f977bf9144d56-07ff0a9d3f751586] c.d.demo.controller.EmployeeController   : Fetching all employees...
2025-08-05T10:34:41.325+05:30  INFO 21148 --- [deutsche-springboot-demo] [http-nio-8090-exec-1] [689190e9f3ecc0b01a4236a6f2b91261-b0fa803f54db2744] c.d.demo.controller.EmployeeController   : Fetching employee by ID: 12
2025-08-05T10:34:45.034+05:30  INFO 21148 --- [deutsche-springboot-demo] [http-nio-8090-exec-2] [689190ecd7736d2bc57c2f677974fad3-49a4441cdf1cb490] c.d.demo.controller.EmployeeController   : Fetching employee by ID: 12
2025-08-05T10:34:52.017+05:30  WARN 21148 --- [deutsche-springboot-demo] [http-nio-8090-exec-8] [689190f357ed12f11f57d5956abdc6a9-3af925d9133daf31] .w.s.m.s.DefaultHandlerExceptionResolver : Resolved [org.springframework.http.converter.HttpMessageNotReadableException: Required request body is missing: public org.springframework.http.ResponseEntity<com.deutsche.demo.model.Employee> com.deutsche.demo.controller.EmployeeController.updateEmployee(com.deutsche.demo.model.Employee)]
2025-08-05T10:35:58.753+05:30  INFO 21148 --- [deutsche-springboot-demo] [http-nio-8090-exec-6] [6891913620e1bdac9eabf498e6ac8254-ccde6c6bcece3a13] c.d.demo.controller.EmployeeController   : Fetching employee by ID: 12
2025-08-05T10:36:36.997+05:30  INFO 21148 --- [deutsche-springboot-demo] [http-nio-8090-exec-4] [6891915cdbf16610174d5aabdfd4e0c7-0a210ecd87159f5a] c.d.demo.controller.EmployeeController   : Fetching employee by ID: 12
2025-08-05T10:36:50.077+05:30  INFO 21148 --- [deutsche-springboot-demo] [http-nio-8090-exec-10] [6891916a984d4bafefc0b8833289677a-7526ece425ab5801] c.d.demo.controller.EmployeeController   : Fetching employee by ID: 12
2025-08-05T10:37:04.894+05:30  INFO 21148 --- [deutsche-springboot-demo] [http-nio-8090-exec-2] [68919178c8e326e575b28593ea63a4f4-0006fba083e04990] c.d.demo.controller.EmployeeController   : Fetching all employees...
2025-08-05T10:37:06.162+05:30  INFO 21148 --- [deutsche-springboot-demo] [http-nio-8090-exec-8] [6891917a4effcb01f42027ad26f0b363-e7d5af700c4d1c58] c.d.demo.controller.EmployeeController   : Fetching employee by ID: 12
2025-08-05T10:37:07.628+05:30  INFO 21148 --- [deutsche-springboot-demo] [http-nio-8090-exec-5] [6891917b68ce8454c8507b8ff80dce97-1ad2ee5f9342aa8e] c.d.demo.controller.EmployeeController   : Fetching employee by ID: 12
2025-08-05T10:37:12.237+05:30  WARN 21148 --- [deutsche-springboot-demo] [http-nio-8090-exec-3] [689191800524eed84a47b205f6dede3e-13c784735968b1f5] .w.s.m.s.DefaultHandlerExceptionResolver : Resolved [org.springframework.http.converter.HttpMessageNotReadableException: Required request body is missing: public org.springframework.http.ResponseEntity<com.deutsche.demo.model.Employee> com.deutsche.demo.controller.EmployeeController.updateEmployee(com.deutsche.demo.model.Employee)]
2025-08-05T10:38:46.557+05:30  INFO 21148 --- [deutsche-springboot-demo] [http-nio-8090-exec-9] [689191de3c9340033bc6eda3af62cd7a-17f9b847bdeaa2bd] c.d.demo.controller.EmployeeController   : Fetching employee by ID: 12
2025-08-05T10:38:50.161+05:30  INFO 21148 --- [deutsche-springboot-demo] [http-nio-8090-exec-1] [689191e1ba1cc8844eaeea5cbf9c0817-f17ff242d30a4149] c.d.demo.controller.EmployeeController   : Updating employee: 12	Tonu	11000.0
2025-08-05T10:38:50.166+05:30  INFO 21148 --- [deutsche-springboot-demo] [http-nio-8090-exec-1] [689191e1ba1cc8844eaeea5cbf9c0817-f17ff242d30a4149] c.deutsche.demo.service.EmployeeService  : Employee found. Updating...
2025-08-05T10:38:50.280+05:30  INFO 21148 --- [deutsche-springboot-demo] [http-nio-8090-exec-2] [689191e26e8d718bdbe86819a28deb90-bcb063efb05d5880] c.d.demo.controller.EmployeeController   : Fetching all employees...
2025-08-05T10:38:52.808+05:30  INFO 21148 --- [deutsche-springboot-demo] [http-nio-8090-exec-8] [689191e462d40c42135b47e4be368159-ba0abc422cf63a48] c.d.demo.controller.EmployeeController   : Fetching employee by ID: 12
2025-08-05T10:38:59.184+05:30  INFO 21148 --- [deutsche-springboot-demo] [http-nio-8090-exec-6] [689191eb55c8f08faa984a5629974390-d0083c5b7deda1fd] c.d.demo.controller.EmployeeController   : Fetching employee by ID: 12
2025-08-05T10:39:02.780+05:30  INFO 21148 --- [deutsche-springboot-demo] [http-nio-8090-exec-4] [689191eeec27a76df4a36f8ca8dfd1fe-4a19ddb869bf8d48] c.d.demo.controller.EmployeeController   : Updating employee: 12	Tonu	13000.0
2025-08-05T10:39:02.786+05:30  INFO 21148 --- [deutsche-springboot-demo] [http-nio-8090-exec-4] [689191eeec27a76df4a36f8ca8dfd1fe-4a19ddb869bf8d48] c.deutsche.demo.service.EmployeeService  : Employee found. Updating...
2025-08-05T10:39:02.960+05:30  INFO 21148 --- [deutsche-springboot-demo] [http-nio-8090-exec-9] [689191eebadd9b8e7711e9b31c586994-e502509df61033a2] c.d.demo.controller.EmployeeController   : Fetching all employees...
2025-08-05T10:39:05.192+05:30  INFO 21148 --- [deutsche-springboot-demo] [http-nio-8090-exec-1] [689191f1337eb5696370c9a97ad08ab9-9e48064910017c21] c.d.demo.controller.EmployeeController   : Fetching employee by ID: 12
2025-08-05T10:39:10.404+05:30  INFO 21148 --- [deutsche-springboot-demo] [http-nio-8090-exec-7] [689191f68fa5a71c3f55b3e6e2a5bd1a-6c62e7cefb13144c] c.d.demo.controller.EmployeeController   : Fetching all employees...
2025-08-05T10:39:11.902+05:30  INFO 21148 --- [deutsche-springboot-demo] [http-nio-8090-exec-5] [689191f703754b126109952b85a97498-e792356d1e3c69f4] c.d.demo.controller.EmployeeController   : Fetching employee by ID: 17
2025-08-05T10:39:24.404+05:30  INFO 21148 --- [deutsche-springboot-demo] [http-nio-8090-exec-3] [68919204175c879b13bb4146a504cc89-719693324966735f] c.d.demo.controller.EmployeeController   : Fetching all employees...
2025-08-05T10:41:59.087+05:30  INFO 21148 --- [deutsche-springboot-demo] [http-nio-8090-exec-10] [6891929fa282c37a2bfa43c95383ba8d-d12f4c042657e913] c.d.demo.controller.EmployeeController   : Fetching all employees...
2025-08-05T10:42:01.500+05:30  INFO 21148 --- [deutsche-springboot-demo] [http-nio-8090-exec-1] [689192a10fe7a5d1f3d964fa15e21a62-4a7b4334fa42e407] c.d.demo.controller.EmployeeController   : Fetching all employees...
2025-08-05T10:42:04.196+05:30  INFO 21148 --- [deutsche-springboot-demo] [http-nio-8090-exec-7] [689192a4abcc69c8dc204c5d125494b7-15ed9c35352af074] c.d.demo.controller.EmployeeController   : Fetching all employees...
2025-08-05T10:42:08.470+05:30  INFO 21148 --- [deutsche-springboot-demo] [http-nio-8090-exec-8] [689192a814d97a7b9ffae3098dcdcd03-364c165f07aa49a1] c.d.demo.controller.EmployeeController   : Fetching all employees...
2025-08-05T10:42:10.977+05:30  INFO 21148 --- [deutsche-springboot-demo] [http-nio-8090-exec-6] [689192aa9244cbdcf5aa8e1eb845ff5b-4fd25c769dfdd9dc] c.d.demo.controller.EmployeeController   : Fetching all employees...
2025-08-05T10:42:58.323+05:30  INFO 21148 --- [deutsche-springboot-demo] [http-nio-8090-exec-4] [689192da77e5288ac930040eac8ce274-c664db2e02287700] c.d.demo.controller.EmployeeController   : Fetching all employees...
2025-08-05T10:42:59.692+05:30  INFO 21148 --- [deutsche-springboot-demo] [http-nio-8090-exec-10] [689192dbdf18028048a537d473e4aa46-3badcb6c51bddc2d] c.d.demo.controller.EmployeeController   : Fetching employee by ID: 14
2025-08-05T10:43:02.448+05:30  INFO 21148 --- [deutsche-springboot-demo] [http-nio-8090-exec-1] [689192de19008e13b8a162448a49fb5a-d21d4328bcd2ed39] c.d.demo.controller.EmployeeController   : Fetching all employees...
2025-08-05T10:43:03.582+05:30  INFO 21148 --- [deutsche-springboot-demo] [http-nio-8090-exec-7] [689192df8bf19fc5afe908f2afb9634f-7d311996bac826f2] c.d.demo.controller.EmployeeController   : Fetching employee by ID: 12
2025-08-05T10:43:04.191+05:30  INFO 21148 --- [deutsche-springboot-demo] [http-nio-8090-exec-5] [689192e0a13683728a3db26576815b81-73ec42010901e280] c.d.demo.controller.EmployeeController   : Fetching all employees...
2025-08-05T10:43:30.375+05:30  INFO 21148 --- [deutsche-springboot-demo] [http-nio-8090-exec-3] [689192fa1871ab23d0b8b7eea21af6c3-82c3699d23ce7693] c.d.demo.controller.EmployeeController   : Adding new employee: null	Dhoni	77777.0
2025-08-05T10:43:33.996+05:30  INFO 21148 --- [deutsche-springboot-demo] [http-nio-8090-exec-4] [689192fd17927724a1482fee5a7bb859-38d4c3947cf7f886] c.d.demo.controller.EmployeeController   : Fetching all employees...
2025-08-05T10:44:49.585+05:30  INFO 21148 --- [deutsche-springboot-demo] [http-nio-8090-exec-1] [689193498ed111859d8888b0d0250a04-f6797c9ebad85cff] c.d.demo.controller.EmployeeController   : Adding new employee: null	harbajan	10101.0
2025-08-05T10:44:56.510+05:30  INFO 21148 --- [deutsche-springboot-demo] [http-nio-8090-exec-7] [689193508d514747465ad1f37e8d69b9-e4a656cb0bb1a384] c.d.demo.controller.EmployeeController   : Fetching all employees...
2025-08-05T10:44:58.029+05:30  INFO 21148 --- [deutsche-springboot-demo] [http-nio-8090-exec-5] [6891935172f4c66b6f0d5d415d688ce4-d5612f1606c1ba7f] c.d.demo.controller.EmployeeController   : Fetching employee by ID: 19
2025-08-05T10:45:00.868+05:30  INFO 21148 --- [deutsche-springboot-demo] [http-nio-8090-exec-6] [689193543c3bd0c258fb22724f3481b7-a5b632fc1f2c572b] c.d.demo.controller.EmployeeController   : Deleting employee with ID: 19
2025-08-05T10:45:00.875+05:30  INFO 21148 --- [deutsche-springboot-demo] [http-nio-8090-exec-6] [689193543c3bd0c258fb22724f3481b7-a5b632fc1f2c572b] c.deutsche.demo.service.EmployeeService  : Employee with ID 19 deleted successfully.
2025-08-05T10:45:06.997+05:30  INFO 21148 --- [deutsche-springboot-demo] [http-nio-8090-exec-4] [6891935ae472c8b6071fb74261d9a12b-df6cdfce8e767660] c.d.demo.controller.EmployeeController   : Fetching all employees...
2025-08-05T10:46:44.305+05:30  INFO 21148 --- [deutsche-springboot-demo] [http-nio-8090-exec-1] [689193bc8409d257cfde75a91548d9cc-37b9ea57a38186dd] c.d.demo.controller.EmployeeController   : Fetching all employees...
2025-08-05T10:46:45.537+05:30  INFO 21148 --- [deutsche-springboot-demo] [http-nio-8090-exec-7] [689193bd2428deefca098c5935edade7-fa657ededae286a6] c.d.demo.controller.EmployeeController   : Fetching employee by ID: 14
2025-08-05T10:47:22.140+05:30  INFO 21148 --- [deutsche-springboot-demo] [http-nio-8090-exec-5] [689193e2d3e130738f62b73eae1e1e81-68677507963e37ab] c.d.demo.controller.EmployeeController   : Fetching employee by ID: 14
2025-08-05T10:47:26.092+05:30  INFO 21148 --- [deutsche-springboot-demo] [http-nio-8090-exec-6] [689193e630efe22d5e1547b761e11153-7ac3af963f66e7a4] c.d.demo.controller.EmployeeController   : Fetching employee by ID: 14
2025-08-05T10:47:29.924+05:30  INFO 21148 --- [deutsche-springboot-demo] [http-nio-8090-exec-4] [689193e9499932174f2937caa1f247e0-945ea5413b3549db] c.d.demo.controller.EmployeeController   : Fetching employee by ID: 14
2025-08-05T10:47:38.274+05:30  INFO 21148 --- [deutsche-springboot-demo] [http-nio-8090-exec-10] [689193f2bbb9619cff20b8c397f3121c-8288289e3df38d48] c.d.demo.controller.EmployeeController   : Fetching employee by ID: 14
2025-08-05T10:47:56.880+05:30  INFO 21148 --- [deutsche-springboot-demo] [http-nio-8090-exec-2] [689194045f24429a63e2fa50a032f059-5485c5f66b33ee64] c.d.demo.controller.EmployeeController   : Fetching employee by ID: 14
2025-08-05T10:48:05.409+05:30  INFO 21148 --- [deutsche-springboot-demo] [http-nio-8090-exec-8] [6891940d13024b27ba36054f7563be34-dc15f776a26a0c23] c.d.demo.controller.EmployeeController   : Fetching employee by ID: 14
2025-08-05T10:48:08.115+05:30  INFO 21148 --- [deutsche-springboot-demo] [http-nio-8090-exec-5] [6891941042b59028a01bafd343c8be78-15d40a9d29ad0660] c.d.demo.controller.EmployeeController   : Fetching employee by ID: 14
2025-08-05T10:48:10.721+05:30  INFO 21148 --- [deutsche-springboot-demo] [http-nio-8090-exec-3] [68919412edf9916016955bbba7505f3f-cbaa9af899aa24a5] c.d.demo.controller.EmployeeController   : Fetching employee by ID: 14
2025-08-05T10:48:23.301+05:30  INFO 21148 --- [deutsche-springboot-demo] [http-nio-8090-exec-9] [6891941fafd99ec41f572859b8fd79c7-c4669e1468da89b4] c.d.demo.controller.EmployeeController   : Fetching all employees...
2025-08-05T10:48:30.087+05:30  INFO 21148 --- [deutsche-springboot-demo] [http-nio-8090-exec-1] [6891942696c1b4fefb8a4e9af76a78b4-7deae71ba49cf622] c.d.demo.controller.EmployeeController   : Fetching employee by ID: 15
2025-08-05T10:49:05.031+05:30  INFO 21148 --- [deutsche-springboot-demo] [http-nio-8090-exec-7] [68919448c44e365d27772d973ff71bf7-ebbf6f79a16322d6] c.d.demo.controller.EmployeeController   : Fetching all employees...
2025-08-05T10:49:08.541+05:30  INFO 21148 --- [deutsche-springboot-demo] [http-nio-8090-exec-5] [6891944cba46815479985c25c9ac3f1b-b5d74d2f11a57f08] c.d.demo.controller.EmployeeController   : Fetching employee by ID: 11
2025-08-05T10:49:15.246+05:30  INFO 21148 --- [deutsche-springboot-demo] [http-nio-8090-exec-3] [68919453c303e9185c8cfc44f59d90de-cf4119878035b006] c.d.demo.controller.EmployeeController   : Fetching all employees...
2025-08-05T10:49:16.376+05:30  INFO 21148 --- [deutsche-springboot-demo] [http-nio-8090-exec-9] [689194548ff96e3d49be8f40b8d8e784-24a36a9312376e68] c.d.demo.controller.EmployeeController   : Fetching employee by ID: 16
2025-08-05T10:49:58.027+05:30  INFO 21148 --- [deutsche-springboot-demo] [http-nio-8090-exec-1] [6891947de915db5b02f5308ab875c559-e34a08e0e52f5c8c] c.d.demo.controller.EmployeeController   : Fetching all employees...
2025-08-05T10:49:59.023+05:30  INFO 21148 --- [deutsche-springboot-demo] [http-nio-8090-exec-7] [6891947ebffa8478c71307a67fe753ce-d58171e102457b52] c.d.demo.controller.EmployeeController   : Fetching employee by ID: 15
2025-08-05T10:50:49.236+05:30  INFO 21148 --- [deutsche-springboot-demo] [http-nio-8090-exec-5] [689194b1dc8c001aca511fa4dce0c83a-cb321d19f22ad4ec] c.d.demo.controller.EmployeeController   : Fetching employee by ID: 15
2025-08-05T10:50:56.345+05:30  INFO 21148 --- [deutsche-springboot-demo] [http-nio-8090-exec-3] [689194b8b171f24150fffb8234111032-9d861a7a0d70372b] c.d.demo.controller.EmployeeController   : Fetching all employees...
2025-08-05T10:50:57.986+05:30  INFO 21148 --- [deutsche-springboot-demo] [http-nio-8090-exec-9] [689194b9389ee2103d965fbd4c84b477-dcab9e91ce7fca8d] c.d.demo.controller.EmployeeController   : Fetching employee by ID: 11
2025-08-05T10:51:06.512+05:30  INFO 21148 --- [deutsche-springboot-demo] [http-nio-8090-exec-1] [689194c2aa93cb2bf719a7b1c9b9f8cc-0024633698189228] c.d.demo.controller.EmployeeController   : Fetching employee by ID: 11
2025-08-05T10:51:13.382+05:30  INFO 21148 --- [deutsche-springboot-demo] [http-nio-8090-exec-7] [689194c913ca7ce1d086f33083102d15-ebb3e0acc02050ee] c.d.demo.controller.EmployeeController   : Fetching all employees...
2025-08-05T10:51:35.328+05:30  INFO 21148 --- [deutsche-springboot-demo] [http-nio-8090-exec-5] [689194df8152e8e8cd677788f0cacaeb-cbfb9195722fe884] c.d.demo.controller.EmployeeController   : Fetching all employees...
2025-08-05T10:52:01.290+05:30  INFO 21148 --- [deutsche-springboot-demo] [http-nio-8090-exec-3] [689194f9a04dd22319f179f84351edd2-25e4a593005a47ce] c.d.demo.controller.EmployeeController   : Fetching all employees...
2025-08-05T10:53:16.053+05:30  INFO 21148 --- [deutsche-springboot-demo] [http-nio-8090-exec-10] [68919543aa9d7be84acd315371c613a8-8576366f3eee297a] c.d.demo.controller.EmployeeController   : Fetching all employees...
2025-08-05T10:53:26.150+05:30  INFO 21148 --- [deutsche-springboot-demo] [http-nio-8090-exec-2] [6891954ebee186b1092d74ba491070c4-d1d56aa44dfb157f] c.d.demo.controller.EmployeeController   : Fetching all employees...
2025-08-05T10:53:27.405+05:30  INFO 21148 --- [deutsche-springboot-demo] [http-nio-8090-exec-8] [6891954f06980bc3138fdffd5417c702-b08e478ecf7fd957] c.d.demo.controller.EmployeeController   : Fetching employee by ID: 17
2025-08-05T10:53:28.238+05:30  INFO 21148 --- [deutsche-springboot-demo] [http-nio-8090-exec-5] [68919550a0b1b84122bf2395004235e3-d14c31b1238f29ce] c.d.demo.controller.EmployeeController   : Fetching employee by ID: 17
2025-08-05T10:53:54.589+05:30  INFO 21148 --- [deutsche-springboot-demo] [http-nio-8090-exec-3] [6891956abc99117d16ade7318f462843-65e8f61822ec3335] c.d.demo.controller.EmployeeController   : Fetching employee by ID: 17
2025-08-05T10:54:01.975+05:30  INFO 21148 --- [deutsche-springboot-demo] [http-nio-8090-exec-9] [689195716c810abba65fd205a17dc398-7aa9f4f263aec4ce] c.d.demo.controller.EmployeeController   : Fetching employee by ID: 17
2025-08-05T10:54:47.069+05:30  INFO 21148 --- [deutsche-springboot-demo] [http-nio-8090-exec-1] [6891959f635f0dd099cb04dddb88aeb9-d8de09adb13df08b] c.d.demo.controller.EmployeeController   : Fetching employee by ID: 17
2025-08-05T10:54:50.890+05:30  INFO 21148 --- [deutsche-springboot-demo] [http-nio-8090-exec-2] [689195a21a1e475b4347c38556e0f33c-69f4ceb60bcefff8] c.d.demo.controller.EmployeeController   : Fetching employee by ID: 17
2025-08-05T10:55:05.354+05:30  INFO 21148 --- [deutsche-springboot-demo] [http-nio-8090-exec-8] [689195b1dd000b46e8bfa0c6528a651c-6a05c388a70f1ad3] c.d.demo.controller.EmployeeController   : Fetching all employees...
2025-08-05T10:55:06.696+05:30  INFO 21148 --- [deutsche-springboot-demo] [http-nio-8090-exec-6] [689195b2537a94ce34d2e4bf5c111ae0-afe4ca77d88b8138] c.d.demo.controller.EmployeeController   : Fetching employee by ID: 18
2025-08-05T10:55:17.895+05:30  INFO 21148 --- [deutsche-springboot-demo] [http-nio-8090-exec-4] [689195bdc51436795d212620a82f49cb-934105302bfa3ea9] c.d.demo.controller.EmployeeController   : Fetching all employees...
2025-08-05T10:55:18.958+05:30  INFO 21148 --- [deutsche-springboot-demo] [http-nio-8090-exec-10] [689195bec716ebd2451a2afddfa71dee-8adfddee83f283db] c.d.demo.controller.EmployeeController   : Fetching employee by ID: 12
2025-08-05T10:55:20.408+05:30  INFO 21148 --- [deutsche-springboot-demo] [http-nio-8090-exec-1] [689195c0269e052c9b26be24db3726fd-f4e4a33a083d065f] c.d.demo.controller.EmployeeController   : Fetching all employees...
2025-08-05T10:55:21.340+05:30  INFO 21148 --- [deutsche-springboot-demo] [http-nio-8090-exec-7] [689195c1531c821408b5f74b4a3c11f8-113013b8bb95208a] c.d.demo.controller.EmployeeController   : Fetching employee by ID: 15
2025-08-05T10:55:24.433+05:30  INFO 21148 --- [deutsche-springboot-demo] [http-nio-8090-exec-8] [689195c47d36f4465e95ff45bb043e7d-5d66f894aa38741d] c.d.demo.controller.EmployeeController   : Deleting employee with ID: 15
2025-08-05T10:55:24.455+05:30  INFO 21148 --- [deutsche-springboot-demo] [http-nio-8090-exec-8] [689195c47d36f4465e95ff45bb043e7d-5d66f894aa38741d] c.deutsche.demo.service.EmployeeService  : Employee with ID 15 deleted successfully.
2025-08-05T10:55:25.843+05:30  INFO 21148 --- [deutsche-springboot-demo] [http-nio-8090-exec-6] [689195c5f3e89459d5ae36b5b7e36595-eba47ac06b9eaefe] c.d.demo.controller.EmployeeController   : Fetching all employees...
2025-08-05T10:57:13.267+05:30  INFO 21148 --- [deutsche-springboot-demo] [http-nio-8090-exec-9] [68919631725fbfcb75ee40110a733166-6c27968c4fa9baca] c.d.demo.controller.EmployeeController   : Adding new employee: null	Sachin	9999.0
2025-08-05T10:57:17.843+05:30  INFO 21148 --- [deutsche-springboot-demo] [http-nio-8090-exec-10] [68919635f47da8c5f35caeeb3b9d96df-ade5c51b776afb6f] c.d.demo.controller.EmployeeController   : Fetching all employees...
2025-08-05T10:57:19.049+05:30  INFO 21148 --- [deutsche-springboot-demo] [http-nio-8090-exec-2] [68919636d7bd3ad0ac4542ffa75fd731-a0253c2936c4c200] c.d.demo.controller.EmployeeController   : Fetching employee by ID: 20
2025-08-05T10:57:21.317+05:30  INFO 21148 --- [deutsche-springboot-demo] [http-nio-8090-exec-8] [6891963972302b120b46dab79f8c0101-5291d026df74ff3c] c.d.demo.controller.EmployeeController   : Fetching all employees...
2025-08-05T10:57:22.821+05:30  INFO 21148 --- [deutsche-springboot-demo] [http-nio-8090-exec-6] [6891963aeac46656ea2b127d2b258dfb-a6d8bb57722230a3] c.d.demo.controller.EmployeeController   : Fetching employee by ID: 18
2025-08-05T10:57:24.219+05:30  INFO 21148 --- [deutsche-springboot-demo] [http-nio-8090-exec-3] [6891963c813e216f4da64c6456179c34-db0f19e0938e71b6] c.d.demo.controller.EmployeeController   : Fetching all employees...
2025-08-05T11:33:04.404+05:30  INFO 21148 --- [deutsche-springboot-demo] [SpringApplicationShutdownHook] [                                                 ] o.s.b.w.e.tomcat.GracefulShutdown        : Commencing graceful shutdown. Waiting for active requests to complete
2025-08-05T11:33:04.459+05:30  INFO 21148 --- [deutsche-springboot-demo] [tomcat-shutdown] [                                                 ] o.s.b.w.e.tomcat.GracefulShutdown        : Graceful shutdown complete
2025-08-05T11:33:04.520+05:30  INFO 21148 --- [deutsche-springboot-demo] [SpringApplicationShutdownHook] [                                                 ] j.LocalContainerEntityManagerFactoryBean : Closing JPA EntityManagerFactory for persistence unit 'default'
2025-08-05T11:33:04.576+05:30  INFO 21148 --- [deutsche-springboot-demo] [SpringApplicationShutdownHook] [                                                 ] com.zaxxer.hikari.HikariDataSource       : HikariPool-1 - Shutdown initiated...
2025-08-05T11:33:04.601+05:30  INFO 21148 --- [deutsche-springboot-demo] [SpringApplicationShutdownHook] [                                                 ] com.zaxxer.hikari.HikariDataSource       : HikariPool-1 - Shutdown completed.
